This is pdfTeX, Version 3.141592653-2.6-1.40.25 (MiKTeX 24.1) (preloaded format=pdflatex 2024.3.8)  13 MAR 2024 15:53
entering extended mode
 restricted \write18 enabled.
 file:line:error style messages enabled.
 %&-line parsing enabled.
**"d:/Documents/GitHub/Latex/Volume Computation/main.tex"
(d:/Documents/GitHub/Latex/Volume Computation/main.tex
LaTeX2e <2023-11-01> patch level 1
L3 programming layer <2024-02-20>
(D:\Programs\MiKTeX\tex/latex/base\article.cls
Document Class: article 2023/05/17 v1.4n Standard LaTeX document class
(D:\Programs\MiKTeX\tex/latex/base\size11.clo
File: size11.clo 2023/05/17 v1.4n Standard LaTeX file (size option)
)
\c@part=\count188
\c@section=\count189
\c@subsection=\count190
\c@subsubsection=\count191
\c@paragraph=\count192
\c@subparagraph=\count193
\c@figure=\count194
\c@table=\count195
\abovecaptionskip=\skip48
\belowcaptionskip=\skip49
\bibindent=\dimen140
) (D:\Programs\MiKTeX\tex/latex/graphics\graphicx.sty
Package: graphicx 2021/09/16 v1.2d Enhanced LaTeX Graphics (DPC,SPQR)
 (D:\Programs\MiKTeX\tex/latex/graphics\keyval.sty
Package: keyval 2022/05/29 v1.15 key=value parser (DPC)
\KV@toks@=\toks17
) (D:\Programs\MiKTeX\tex/latex/graphics\graphics.sty
Package: graphics 2022/03/10 v1.4e Standard LaTeX Graphics (DPC,SPQR)
 (D:\Programs\MiKTeX\tex/latex/graphics\trig.sty
Package: trig 2021/08/11 v1.11 sin cos tan (DPC)
) (D:\Programs\MiKTeX\tex/latex/graphics-cfg\graphics.cfg
File: graphics.cfg 2016/06/04 v1.11 sample graphics configuration
)
Package graphics Info: Driver file: pdftex.def on input line 107.
 (D:\Programs\MiKTeX\tex/latex/graphics-def\pdftex.def
File: pdftex.def 2022/09/22 v1.2b Graphics/color driver for pdftex
))
\Gin@req@height=\dimen141
\Gin@req@width=\dimen142
) (D:\Programs\MiKTeX\tex/latex/tools\multicol.sty
Package: multicol 2023/03/30 v1.9f multicolumn formatting (FMi)
\c@tracingmulticols=\count196
\mult@box=\box51
\multicol@leftmargin=\dimen143
\c@unbalance=\count197
\c@collectmore=\count198
\doublecol@number=\count199
\multicoltolerance=\count266
\multicolpretolerance=\count267
\full@width=\dimen144
\page@free=\dimen145
\premulticols=\dimen146
\postmulticols=\dimen147
\multicolsep=\skip50
\multicolbaselineskip=\skip51
\partial@page=\box52
\last@line=\box53
\mc@boxedresult=\box54
\maxbalancingoverflow=\dimen148
\mult@rightbox=\box55
\mult@grightbox=\box56
\mult@firstbox=\box57
\mult@gfirstbox=\box58
\@tempa=\box59
\@tempa=\box60
\@tempa=\box61
\@tempa=\box62
\@tempa=\box63
\@tempa=\box64
\@tempa=\box65
\@tempa=\box66
\@tempa=\box67
\@tempa=\box68
\@tempa=\box69
\@tempa=\box70
\@tempa=\box71
\@tempa=\box72
\@tempa=\box73
\@tempa=\box74
\@tempa=\box75
\@tempa=\box76
\@tempa=\box77
\@tempa=\box78
\@tempa=\box79
\@tempa=\box80
\@tempa=\box81
\@tempa=\box82
\@tempa=\box83
\@tempa=\box84
\@tempa=\box85
\@tempa=\box86
\@tempa=\box87
\@tempa=\box88
\@tempa=\box89
\@tempa=\box90
\@tempa=\box91
\@tempa=\box92
\@tempa=\box93
\@tempa=\box94
\c@minrows=\count268
\c@columnbadness=\count269
\c@finalcolumnbadness=\count270
\last@try=\dimen149
\multicolovershoot=\dimen150
\multicolundershoot=\dimen151
\mult@nat@firstbox=\box95
\colbreak@box=\box96
\mc@col@check@num=\count271
) (D:\Programs\MiKTeX\tex/latex/geometry\geometry.sty
Package: geometry 2020/01/02 v5.9 Page Geometry
 (D:\Programs\MiKTeX\tex/generic/iftex\ifvtex.sty
Package: ifvtex 2019/10/25 v1.7 ifvtex legacy package. Use iftex instead.
 (D:\Programs\MiKTeX\tex/generic/iftex\iftex.sty
Package: iftex 2022/02/03 v1.0f TeX engine tests
))
\Gm@cnth=\count272
\Gm@cntv=\count273
\c@Gm@tempcnt=\count274
\Gm@bindingoffset=\dimen152
\Gm@wd@mp=\dimen153
\Gm@odd@mp=\dimen154
\Gm@even@mp=\dimen155
\Gm@layoutwidth=\dimen156
\Gm@layoutheight=\dimen157
\Gm@layouthoffset=\dimen158
\Gm@layoutvoffset=\dimen159
\Gm@dimlist=\toks18
 (D:\Programs\MiKTeX\tex/latex/geometry\geometry.cfg)) (D:\Programs\MiKTeX\tex/latex/amsmath\amsmath.sty
Package: amsmath 2023/05/13 v2.17o AMS math features
\@mathmargin=\skip52

For additional information on amsmath, use the `?' option.
(D:\Programs\MiKTeX\tex/latex/amsmath\amstext.sty
Package: amstext 2021/08/26 v2.01 AMS text
 (D:\Programs\MiKTeX\tex/latex/amsmath\amsgen.sty
File: amsgen.sty 1999/11/30 v2.0 generic functions
\@emptytoks=\toks19
\ex@=\dimen160
)) (D:\Programs\MiKTeX\tex/latex/amsmath\amsbsy.sty
Package: amsbsy 1999/11/29 v1.2d Bold Symbols
\pmbraise@=\dimen161
) (D:\Programs\MiKTeX\tex/latex/amsmath\amsopn.sty
Package: amsopn 2022/04/08 v2.04 operator names
)
\inf@bad=\count275
LaTeX Info: Redefining \frac on input line 234.
\uproot@=\count276
\leftroot@=\count277
LaTeX Info: Redefining \overline on input line 399.
LaTeX Info: Redefining \colon on input line 410.
\classnum@=\count278
\DOTSCASE@=\count279
LaTeX Info: Redefining \ldots on input line 496.
LaTeX Info: Redefining \dots on input line 499.
LaTeX Info: Redefining \cdots on input line 620.
\Mathstrutbox@=\box97
\strutbox@=\box98
LaTeX Info: Redefining \big on input line 722.
LaTeX Info: Redefining \Big on input line 723.
LaTeX Info: Redefining \bigg on input line 724.
LaTeX Info: Redefining \Bigg on input line 725.
\big@size=\dimen162
LaTeX Font Info:    Redeclaring font encoding OML on input line 743.
LaTeX Font Info:    Redeclaring font encoding OMS on input line 744.
\macc@depth=\count280
LaTeX Info: Redefining \bmod on input line 905.
LaTeX Info: Redefining \pmod on input line 910.
LaTeX Info: Redefining \smash on input line 940.
LaTeX Info: Redefining \relbar on input line 970.
LaTeX Info: Redefining \Relbar on input line 971.
\c@MaxMatrixCols=\count281
\dotsspace@=\muskip16
\c@parentequation=\count282
\dspbrk@lvl=\count283
\tag@help=\toks20
\row@=\count284
\column@=\count285
\maxfields@=\count286
\andhelp@=\toks21
\eqnshift@=\dimen163
\alignsep@=\dimen164
\tagshift@=\dimen165
\tagwidth@=\dimen166
\totwidth@=\dimen167
\lineht@=\dimen168
\@envbody=\toks22
\multlinegap=\skip53
\multlinetaggap=\skip54
\mathdisplay@stack=\toks23
LaTeX Info: Redefining \[ on input line 2953.
LaTeX Info: Redefining \] on input line 2954.
) (D:\Programs\MiKTeX\tex/latex/booktabs\booktabs.sty
Package: booktabs 2020/01/12 v1.61803398 Publication quality tables
\heavyrulewidth=\dimen169
\lightrulewidth=\dimen170
\cmidrulewidth=\dimen171
\belowrulesep=\dimen172
\belowbottomsep=\dimen173
\aboverulesep=\dimen174
\abovetopsep=\dimen175
\cmidrulesep=\dimen176
\cmidrulekern=\dimen177
\defaultaddspace=\dimen178
\@cmidla=\count287
\@cmidlb=\count288
\@aboverulesep=\dimen179
\@belowrulesep=\dimen180
\@thisruleclass=\count289
\@lastruleclass=\count290
\@thisrulewidth=\dimen181
) (D:\Programs\MiKTeX\tex/latex/l3backend\l3backend-pdftex.def
File: l3backend-pdftex.def 2024-02-20 L3 backend support: PDF output (pdfTeX)
\l__color_backend_stack_int=\count291
\l__pdf_internal_box=\box99
) (main.aux)
\openout1 = `main.aux'.

LaTeX Font Info:    Checking defaults for OML/cmm/m/it on input line 20.
LaTeX Font Info:    ... okay on input line 20.
LaTeX Font Info:    Checking defaults for OMS/cmsy/m/n on input line 20.
LaTeX Font Info:    ... okay on input line 20.
LaTeX Font Info:    Checking defaults for OT1/cmr/m/n on input line 20.
LaTeX Font Info:    ... okay on input line 20.
LaTeX Font Info:    Checking defaults for T1/cmr/m/n on input line 20.
LaTeX Font Info:    ... okay on input line 20.
LaTeX Font Info:    Checking defaults for TS1/cmr/m/n on input line 20.
LaTeX Font Info:    ... okay on input line 20.
LaTeX Font Info:    Checking defaults for OMX/cmex/m/n on input line 20.
LaTeX Font Info:    ... okay on input line 20.
LaTeX Font Info:    Checking defaults for U/cmr/m/n on input line 20.
LaTeX Font Info:    ... okay on input line 20.
 (D:\Programs\MiKTeX\tex/context/base/mkii\supp-pdf.mkii
[Loading MPS to PDF converter (version 2006.09.02).]
\scratchcounter=\count292
\scratchdimen=\dimen182
\scratchbox=\box100
\nofMPsegments=\count293
\nofMParguments=\count294
\everyMPshowfont=\toks24
\MPscratchCnt=\count295
\MPscratchDim=\dimen183
\MPnumerator=\count296
\makeMPintoPDFobject=\count297
\everyMPtoPDFconversion=\toks25
) (D:\Programs\MiKTeX\tex/latex/epstopdf-pkg\epstopdf-base.sty
Package: epstopdf-base 2020-01-24 v2.11 Base part for package epstopdf
Package epstopdf-base Info: Redefining graphics rule for `.eps' on input line 485.
 (D:\Programs\MiKTeX\tex/latex/00miktex\epstopdf-sys.cfg
File: epstopdf-sys.cfg 2021/03/18 v2.0 Configuration of epstopdf for MiKTeX
))
*geometry* driver: auto-detecting
*geometry* detected driver: pdftex
*geometry* verbose mode - [ preamble ] result:
* driver: pdftex
* paper: <default>
* layout: <same size as paper>
* layoutoffset:(h,v)=(0.0pt,0.0pt)
* modes: 
* h-part:(L,W,R)=(56.9055pt, 500.484pt, 56.9055pt)
* v-part:(T,H,B)=(56.9055pt, 681.15898pt, 56.9055pt)
* \paperwidth=614.295pt
* \paperheight=794.96999pt
* \textwidth=500.484pt
* \textheight=681.15898pt
* \oddsidemargin=-15.36449pt
* \evensidemargin=-15.36449pt
* \topmargin=-52.36449pt
* \headheight=12.0pt
* \headsep=25.0pt
* \topskip=11.0pt
* \footskip=30.0pt
* \marginparwidth=59.0pt
* \marginparsep=10.0pt
* \columnsep=10.0pt
* \skip\footins=10.0pt plus 4.0pt minus 2.0pt
* \hoffset=0.0pt
* \voffset=0.0pt
* \mag=1000
* \@twocolumnfalse
* \@twosidefalse
* \@mparswitchfalse
* \@reversemarginfalse
* (1in=72.27pt=25.4mm, 1cm=28.453pt)

[1

{C:/Users/Admin/AppData/Local/MiKTeX/fonts/map/pdftex/pdftex.map}]
<Figures/Integral Surface Function.png, id=10, 803.8833pt x 237.5274pt>
File: Figures/Integral Surface Function.png Graphic file (type png)
<use Figures/Integral Surface Function.png>
Package pdftex.def Info: Figures/Integral Surface Function.png  used on input line 55.
(pdftex.def)             Requested size: 240.23016pt x 70.97969pt.

Underfull \hbox (badness 10000) in paragraph at lines 55--57
[]
 []


Underfull \hbox (badness 10000) in paragraph at lines 55--57

 []


Underfull \hbox (badness 10000) in paragraph at lines 80--81

 []

<Figures/Exclusion.png, id=12, 1317.723pt x 534.5571pt>
File: Figures/Exclusion.png Graphic file (type png)
<use Figures/Exclusion.png>
Package pdftex.def Info: Figures/Exclusion.png  used on input line 82.
(pdftex.def)             Requested size: 225.21626pt x 91.3629pt.

Underfull \hbox (badness 10000) in paragraph at lines 82--84
[][]
 []


Underfull \hbox (badness 10000) in paragraph at lines 82--84

 []

[2 <./Figures/Integral Surface Function.png> <./Figures/Exclusion.png>]
<Figures/Triple Integral.png, id=26, 1226.181pt x 568.2831pt>
File: Figures/Triple Integral.png Graphic file (type png)
<use Figures/Triple Integral.png>
Package pdftex.def Info: Figures/Triple Integral.png  used on input line 88.
(pdftex.def)             Requested size: 225.21626pt x 104.37631pt.

Underfull \hbox (badness 10000) in paragraph at lines 88--90
[]
 []


Underfull \hbox (badness 10000) in paragraph at lines 88--90

 []


Underfull \hbox (badness 10000) in paragraph at lines 100--101

 []

<Figures/Binary Vertices.png, id=27, 1413.1194pt x 419.6478pt>
File: Figures/Binary Vertices.png Graphic file (type png)
<use Figures/Binary Vertices.png>
Package pdftex.def Info: Figures/Binary Vertices.png  used on input line 102.
(pdftex.def)             Requested size: 230.22598pt x 68.36804pt.

Overfull \hbox (1.984pt too wide) in paragraph at lines 102--104
[][]
 []


Underfull \hbox (badness 10000) in paragraph at lines 102--104

 []


Underfull \hbox (badness 10000) in paragraph at lines 111--112
\OT1/cmr/m/n/10.95 For ex-am-ple, given 4 points $\OML/cmm/m/it/10.95 A\OT1/cmr/m/n/10.95 (\OML/cmm/m/it/10.95 x[]; y[]; z[]\OT1/cmr/m/n/10.95 )$,
 []

[3 <./Figures/Triple Integral.png> <./Figures/Binary Vertices.png>]

LaTeX Warning: No positions in optional float specifier.
               Default added (so using `tbp') on input line 116.

<Figures/case 1.png, id=33, 290.2845pt x 287.8755pt>
File: Figures/case 1.png Graphic file (type png)
<use Figures/case 1.png>
Package pdftex.def Info: Figures/case 1.png  used on input line 121.
(pdftex.def)             Requested size: 28.45274pt x 28.21379pt.
<Figures/case 16.png, id=34, 289.08pt x 287.8755pt>
File: Figures/case 16.png Graphic file (type png)
<use Figures/case 16.png>
Package pdftex.def Info: Figures/case 16.png  used on input line 121.
(pdftex.def)             Requested size: 28.45274pt x 28.3324pt.
<Figures/case 2.png, id=35, 285.4665pt x 284.9847pt>
File: Figures/case 2.png Graphic file (type png)
<use Figures/case 2.png>
Package pdftex.def Info: Figures/case 2.png  used on input line 123.
(pdftex.def)             Requested size: 28.45274pt x 28.40446pt.
<Figures/case 17.png, id=36, 289.08pt x 287.8755pt>
File: Figures/case 17.png Graphic file (type png)
<use Figures/case 17.png>
Package pdftex.def Info: Figures/case 17.png  used on input line 123.
(pdftex.def)             Requested size: 28.45274pt x 28.3324pt.
<Figures/case 3.png, id=37, 284.5029pt x 284.5029pt>
File: Figures/case 3.png Graphic file (type png)
<use Figures/case 3.png>
Package pdftex.def Info: Figures/case 3.png  used on input line 125.
(pdftex.def)             Requested size: 28.45274pt x 28.45195pt.
<Figures/case 18.png, id=38, 288.3573pt x 284.262pt>
File: Figures/case 18.png Graphic file (type png)
<use Figures/case 18.png>
Package pdftex.def Info: Figures/case 18.png  used on input line 125.
(pdftex.def)             Requested size: 28.45274pt x 28.04616pt.
<Figures/case 4.png, id=39, 279.2031pt x 279.9258pt>
File: Figures/case 4.png Graphic file (type png)
<use Figures/case 4.png>
Package pdftex.def Info: Figures/case 4.png  used on input line 127.
(pdftex.def)             Requested size: 28.45274pt x 28.52385pt.
<Figures/case 19.png, id=40, 291.0072pt x 289.08pt>
File: Figures/case 19.png Graphic file (type png)
<use Figures/case 19.png>
Package pdftex.def Info: Figures/case 19.png  used on input line 127.
(pdftex.def)             Requested size: 28.45274pt x 28.26126pt.
<Figures/case 5.png, id=41, 289.5618pt x 290.7663pt>
File: Figures/case 5.png Graphic file (type png)
<use Figures/case 5.png>
Package pdftex.def Info: Figures/case 5.png  used on input line 129.
(pdftex.def)             Requested size: 28.45274pt x 28.5681pt.
<Figures/case 20.png, id=42, 289.8027pt x 287.8755pt>
File: Figures/case 20.png Graphic file (type png)
<use Figures/case 20.png>
Package pdftex.def Info: Figures/case 20.png  used on input line 129.
(pdftex.def)             Requested size: 28.45274pt x 28.26212pt.
<Figures/case 6.png, id=43, 284.262pt x 284.9847pt>
File: Figures/case 6.png Graphic file (type png)
<use Figures/case 6.png>
Package pdftex.def Info: Figures/case 6.png  used on input line 131.
(pdftex.def)             Requested size: 28.45274pt x 28.52188pt.
<Figures/case 21.png, id=44, 290.0436pt x 289.8027pt>
File: Figures/case 21.png Graphic file (type png)
<use Figures/case 21.png>
Package pdftex.def Info: Figures/case 21.png  used on input line 131.
(pdftex.def)             Requested size: 28.45274pt x 28.4292pt.
<Figures/case 7.png, id=45, 289.8027pt x 290.2845pt>
File: Figures/case 7.png Graphic file (type png)
<use Figures/case 7.png>
Package pdftex.def Info: Figures/case 7.png  used on input line 133.
(pdftex.def)             Requested size: 28.45274pt x 28.49861pt.
<Figures/case 22.png, id=46, 288.3573pt x 285.7074pt>
File: Figures/case 22.png Graphic file (type png)
<use Figures/case 22.png>
Package pdftex.def Info: Figures/case 22.png  used on input line 133.
(pdftex.def)             Requested size: 28.45274pt x 28.18877pt.
<Figures/case 8.png, id=47, 288.8391pt x 289.8027pt>
File: Figures/case 8.png Graphic file (type png)
<use Figures/case 8.png>
Package pdftex.def Info: Figures/case 8.png  used on input line 135.
(pdftex.def)             Requested size: 28.45274pt x 28.54417pt.
<Figures/case 23.png, id=48, 290.7663pt x 289.3209pt>
File: Figures/case 23.png Graphic file (type png)
<use Figures/case 23.png>
Package pdftex.def Info: Figures/case 23.png  used on input line 135.
(pdftex.def)             Requested size: 28.45274pt x 28.31131pt.
<Figures/case 9.png, id=49, 289.08pt x 284.262pt>
File: Figures/case 9.png Graphic file (type png)
<use Figures/case 9.png>
Package pdftex.def Info: Figures/case 9.png  used on input line 137.
(pdftex.def)             Requested size: 28.45274pt x 27.97676pt.
<Figures/case 24.png, id=50, 289.08pt x 284.262pt>
File: Figures/case 24.png Graphic file (type png)
<use Figures/case 24.png>
Package pdftex.def Info: Figures/case 24.png  used on input line 137.
(pdftex.def)             Requested size: 28.45274pt x 27.97676pt.
<Figures/case 10.png, id=51, 288.3573pt x 287.8755pt>
File: Figures/case 10.png Graphic file (type png)
<use Figures/case 10.png>
Package pdftex.def Info: Figures/case 10.png  used on input line 139.
(pdftex.def)             Requested size: 28.45274pt x 28.40268pt.
<Figures/case 25.png, id=52, 288.1164pt x 288.5982pt>
File: Figures/case 25.png Graphic file (type png)
<use Figures/case 25.png>
Package pdftex.def Info: Figures/case 25.png  used on input line 139.
(pdftex.def)             Requested size: 28.45274pt x 28.496pt.
<Figures/case 11.png, id=53, 290.5254pt x 289.8027pt>
File: Figures/case 11.png Graphic file (type png)
<use Figures/case 11.png>
Package pdftex.def Info: Figures/case 11.png  used on input line 141.
(pdftex.def)             Requested size: 28.45274pt x 28.38057pt.
<Figures/case 26.png, id=54, 279.2031pt x 289.5618pt>
File: Figures/case 26.png Graphic file (type png)
<use Figures/case 26.png>
Package pdftex.def Info: Figures/case 26.png  used on input line 141.
(pdftex.def)             Requested size: 28.45274pt x 29.50574pt.
<Figures/case 12.png, id=55, 291.2481pt x 289.8027pt>
File: Figures/case 12.png Graphic file (type png)
<use Figures/case 12.png>
Package pdftex.def Info: Figures/case 12.png  used on input line 143.
(pdftex.def)             Requested size: 28.45274pt x 28.30981pt.
<Figures/case 27.png, id=56, 285.2256pt x 289.8027pt>
File: Figures/case 27.png Graphic file (type png)
<use Figures/case 27.png>
Package pdftex.def Info: Figures/case 27.png  used on input line 143.
(pdftex.def)             Requested size: 28.45274pt x 28.90678pt.
<Figures/case 13.png, id=57, 291.2481pt x 283.5393pt>
File: Figures/case 13.png Graphic file (type png)
<use Figures/case 13.png>
Package pdftex.def Info: Figures/case 13.png  used on input line 145.
(pdftex.def)             Requested size: 28.45274pt x 27.69797pt.
<Figures/case 28.png, id=58, 291.0072pt x 288.3573pt>
File: Figures/case 28.png Graphic file (type png)
<use Figures/case 28.png>
Package pdftex.def Info: Figures/case 28.png  used on input line 145.
(pdftex.def)             Requested size: 28.45274pt x 28.19061pt.
<Figures/case 14.png, id=59, 290.2845pt x 291.9708pt>
File: Figures/case 14.png Graphic file (type png)
<use Figures/case 14.png>
Package pdftex.def Info: Figures/case 14.png  used on input line 147.
(pdftex.def)             Requested size: 28.45274pt x 28.61516pt.
<Figures/case 29.png, id=60, 290.7663pt x 290.0436pt>
File: Figures/case 29.png Graphic file (type png)
<use Figures/case 29.png>
Package pdftex.def Info: Figures/case 29.png  used on input line 147.
(pdftex.def)             Requested size: 28.45274pt x 28.38202pt.
<Figures/case 15.png, id=61, 284.0211pt x 287.3937pt>
File: Figures/case 15.png Graphic file (type png)
<use Figures/case 15.png>
Package pdftex.def Info: Figures/case 15.png  used on input line 149.
(pdftex.def)             Requested size: 28.45274pt x 28.78928pt.
<Figures/case 30.png, id=62, 291.0072pt x 290.5254pt>
File: Figures/case 30.png Graphic file (type png)
<use Figures/case 30.png>
Package pdftex.def Info: Figures/case 30.png  used on input line 149.
(pdftex.def)             Requested size: 28.45274pt x 28.40257pt.

Overfull \hbox (19.39781pt too wide) in paragraph at lines 118--152
 [][] 
 []

<Figures/Fenwick Tree.png, id=63, 1064.97874pt x 349.305pt>
File: Figures/Fenwick Tree.png Graphic file (type png)
<use Figures/Fenwick Tree.png>
Package pdftex.def Info: Figures/Fenwick Tree.png  used on input line 169.
(pdftex.def)             Requested size: 225.21626pt x 73.86789pt.

Underfull \hbox (badness 10000) in paragraph at lines 169--171
[][]
 []


Underfull \hbox (badness 10000) in paragraph at lines 169--171

 []

<Figures/3D BIT.png, id=64, 1805.7864pt x 1304.9553pt>
File: Figures/3D BIT.png Graphic file (type png)
<use Figures/3D BIT.png>
Package pdftex.def Info: Figures/3D BIT.png  used on input line 177.
(pdftex.def)             Requested size: 235.22807pt x 169.96873pt.

Underfull \hbox (badness 10000) in paragraph at lines 177--179
[]
 []


Underfull \hbox (badness 10000) in paragraph at lines 177--179

 []

[4 <./Figures/Fenwick Tree.png> <./Figures/3D BIT.png>] [5 <./Figures/case 1.png> <./Figures/case 16.png> <./Figures/case 2.png> <./Figures/case 17.png> <./Figures/case 3.png> <./Figures/case 18.png> <./Figures/case 4.png> <./Figures/case 19.png> <./Figures/case 5.png> <./Figures/case 20.png> <./Figures/case 6.png> <./Figures/case 21.png> <./Figures/case 7.png> <./Figures/case 22.png> <./Figures/case 8.png> <./Figures/case 23.png> <./Figures/case 9.png> <./Figures/case 24.png> <./Figures/case 10.png> <./Figures/case 25.png> <./Figures/case 11.png> <./Figures/case 26.png> <./Figures/case 12.png> <./Figures/case 27.png> <./Figures/case 13.png> <./Figures/case 28.png> <./Figures/case 14.png> <./Figures/case 29.png> <./Figures/case 15.png> <./Figures/case 30.png>]

LaTeX Warning: No positions in optional float specifier.
               Default added (so using `tbp') on input line 196.


LaTeX Warning: No positions in optional float specifier.
               Default added (so using `tbp') on input line 228.

<Figures/Experiment.png, id=103, 1609.212pt x 556.479pt>
File: Figures/Experiment.png Graphic file (type png)
<use Figures/Experiment.png>
Package pdftex.def Info: Figures/Experiment.png  used on input line 256.
(pdftex.def)             Requested size: 225.21626pt x 77.88104pt.

Underfull \hbox (badness 10000) in paragraph at lines 256--258
[][]
 []


Underfull \hbox (badness 10000) in paragraph at lines 256--258

 []


Underfull \hbox (badness 10000) in paragraph at lines 264--265
\OT1/cmr/m/n/10.95 team/Volume-Computation-of-3D-Reconstructed-
 []


Underfull \hbox (badness 10000) in paragraph at lines 264--265
\OT1/cmr/m/n/10.95 Models-from-Volumetric-Data-using-Binary-
 []

[6 <./Figures/Experiment.png>] [7] (main.bbl) [8] (main.aux)
 ***********
LaTeX2e <2023-11-01> patch level 1
L3 programming layer <2024-02-20>
 ***********
 ) 
Here is how much of TeX's memory you used:
 3081 strings out of 474457
 49564 string characters out of 5754949
 1955190 words of memory out of 5000000
 25386 multiletter control sequences out of 15000+600000
 565413 words of font info for 61 fonts, out of 8000000 for 9000
 1141 hyphenation exceptions out of 8191
 57i,12n,65p,1762b,406s stack positions out of 10000i,1000n,20000p,200000b,200000s
<D:/Programs/MiKTeX/fonts/type1/public/amsfonts/cm/cmbx10.pfb><D:/Programs/MiKTeX/fonts/type1/public/amsfonts/cm/cmbx12.pfb><D:/Programs/MiKTeX/fonts/type1/public/amsfonts/cm/cmex10.pfb><D:/Programs/MiKTeX/fonts/type1/public/amsfonts/cm/cmmi10.pfb><D:/Programs/MiKTeX/fonts/type1/public/amsfonts/cm/cmmi6.pfb><D:/Programs/MiKTeX/fonts/type1/public/amsfonts/cm/cmmi8.pfb><D:/Programs/MiKTeX/fonts/type1/public/amsfonts/cm/cmr10.pfb><D:/Programs/MiKTeX/fonts/type1/public/amsfonts/cm/cmr12.pfb><D:/Programs/MiKTeX/fonts/type1/public/amsfonts/cm/cmr17.pfb><D:/Programs/MiKTeX/fonts/type1/public/amsfonts/cm/cmr6.pfb><D:/Programs/MiKTeX/fonts/type1/public/amsfonts/cm/cmr8.pfb><D:/Programs/MiKTeX/fonts/type1/public/amsfonts/cm/cmsy10.pfb><D:/Programs/MiKTeX/fonts/type1/public/amsfonts/cm/cmsy8.pfb><D:/Programs/MiKTeX/fonts/type1/public/amsfonts/cm/cmti10.pfb>
Output written on main.pdf (8 pages, 3160739 bytes).
PDF statistics:
 173 PDF objects out of 1000 (max. 8388607)
 0 named destinations out of 1000 (max. 500000)
 186 words of extra memory for PDF output out of 10000 (max. 10000000)

